-------------------------------------------------------------------------------
Test set: com.example.springboot.SpringBootTestApplicationTests
-------------------------------------------------------------------------------
Tests run: 1, Failures: 0, Errors: 1, Skipped: 0, Time elapsed: 0.315 s <<< FAILURE! - in com.example.springboot.SpringBootTestApplicationTests
com.example.springboot.SpringBootTestApplicationTests  Time elapsed: 0.314 s  <<< ERROR!
java.lang.IllegalStateException: Unable to find a @SpringBootConfiguration, you need to use @ContextConfiguration or @SpringBootTest(classes=...) with your test

